2022/12/28 19:30:37 [emerg] 1#1: host not found in upstream "php" in /etc/nginx/conf.d/default.conf:17
2022/12/28 19:32:52 [emerg] 1#1: host not found in upstream "php" in /etc/nginx/conf.d/default.conf:17
2022/12/28 19:35:05 [emerg] 1#1: host not found in upstream "php" in /etc/nginx/conf.d/default.conf:17
2022/12/28 19:37:07 [emerg] 1#1: host not found in upstream "php" in /etc/nginx/conf.d/default.conf:17
2022/12/29 14:58:38 [emerg] 1#1: host not found in upstream "php" in /etc/nginx/conf.d/default.conf:17
2022/12/29 14:59:58 [emerg] 1#1: host not found in upstream "php" in /etc/nginx/conf.d/default.conf:17
2022/12/29 15:12:33 [emerg] 1#1: host not found in upstream "php" in /etc/nginx/conf.d/default.conf:17
2022/12/29 16:44:53 [emerg] 1#1: host not found in upstream "php" in /etc/nginx/conf.d/default.conf:17
2022/12/29 16:46:42 [emerg] 1#1: host not found in upstream "php" in /etc/nginx/conf.d/default.conf:17
2022/12/29 16:46:59 [emerg] 1#1: host not found in upstream "php" in /etc/nginx/conf.d/default.conf:17
2022/12/30 01:27:46 [emerg] 1#1: host not found in upstream "php" in /etc/nginx/conf.d/default.conf:17
2022/12/30 01:29:47 [emerg] 1#1: host not found in upstream "php" in /etc/nginx/conf.d/default.conf:17
2022/12/30 01:31:00 [emerg] 1#1: host not found in upstream "php" in /etc/nginx/conf.d/default.conf:17
2022/12/30 01:38:38 [emerg] 1#1: host not found in upstream "php" in /etc/nginx/conf.d/default.conf:17
2022/12/30 05:18:00 [emerg] 1#1: host not found in upstream "php" in /etc/nginx/conf.d/default.conf:17
2022/12/30 05:34:18 [emerg] 1#1: host not found in upstream "php" in /etc/nginx/conf.d/default.conf:17
2022/12/30 05:41:32 [emerg] 1#1: host not found in upstream "php" in /etc/nginx/conf.d/default.conf:17
2022/12/30 06:00:12 [emerg] 1#1: host not found in upstream "php" in /etc/nginx/conf.d/default.conf:17
2022/12/30 07:07:20 [emerg] 1#1: host not found in upstream "php" in /etc/nginx/conf.d/default.conf:17
2022/12/30 07:14:39 [emerg] 1#1: invalid number of arguments in "fastcgi_index" directive in /etc/nginx/conf.d/default.conf:18
2022/12/30 08:51:27 [emerg] 1#1: invalid number of arguments in "fastcgi_index" directive in /etc/nginx/conf.d/default.conf:18
2022/12/30 08:55:33 [emerg] 1#1: host not found in upstream "php" in /etc/nginx/conf.d/default.conf:17
2022/12/30 08:58:31 [emerg] 1#1: host not found in upstream "php" in /etc/nginx/conf.d/default.conf:17
2022/12/30 09:09:49 [emerg] 1#1: host not found in upstream "php" in /etc/nginx/conf.d/default.conf:17
2022/12/30 09:40:58 [emerg] 1#1: host not found in upstream "php" in /etc/nginx/conf.d/default.conf:17
2022/12/30 10:13:49 [emerg] 1#1: host not found in upstream "php" in /etc/nginx/conf.d/default.conf:17
2022/12/31 05:18:35 [notice] 1#1: using the "epoll" event method
2022/12/31 05:18:35 [notice] 1#1: nginx/1.20.2
2022/12/31 05:18:35 [notice] 1#1: built by gcc 10.2.1 20210110 (Debian 10.2.1-6) 
2022/12/31 05:18:35 [notice] 1#1: OS: Linux 5.15.0-56-generic
2022/12/31 05:18:35 [notice] 1#1: getrlimit(RLIMIT_NOFILE): 1048576:1048576
2022/12/31 05:18:35 [notice] 1#1: start worker processes
2022/12/31 05:18:35 [notice] 1#1: start worker process 30
2022/12/31 05:18:35 [notice] 1#1: start worker process 31
2022/12/31 05:50:19 [notice] 1#1: signal 3 (SIGQUIT) received, shutting down
2022/12/31 05:50:19 [notice] 31#31: gracefully shutting down
2022/12/31 05:50:19 [notice] 31#31: exiting
2022/12/31 05:50:19 [notice] 31#31: exit
2022/12/31 05:50:19 [notice] 30#30: gracefully shutting down
2022/12/31 05:50:19 [notice] 30#30: exiting
2022/12/31 05:50:19 [notice] 30#30: exit
2022/12/31 05:50:19 [notice] 1#1: signal 17 (SIGCHLD) received from 31
2022/12/31 05:50:19 [notice] 1#1: worker process 31 exited with code 0
2022/12/31 05:50:19 [notice] 1#1: signal 29 (SIGIO) received
2022/12/31 05:50:19 [notice] 1#1: signal 17 (SIGCHLD) received from 30
2022/12/31 05:50:19 [notice] 1#1: worker process 30 exited with code 0
2022/12/31 05:50:19 [notice] 1#1: exit
2022/12/31 05:50:29 [notice] 1#1: using the "epoll" event method
2022/12/31 05:50:29 [notice] 1#1: nginx/1.20.2
2022/12/31 05:50:29 [notice] 1#1: built by gcc 10.2.1 20210110 (Debian 10.2.1-6) 
2022/12/31 05:50:29 [notice] 1#1: OS: Linux 5.15.0-56-generic
2022/12/31 05:50:29 [notice] 1#1: getrlimit(RLIMIT_NOFILE): 1048576:1048576
2022/12/31 05:50:29 [notice] 1#1: start worker processes
2022/12/31 05:50:29 [notice] 1#1: start worker process 29
2022/12/31 05:50:29 [notice] 1#1: start worker process 30
2022/12/31 05:54:37 [notice] 1#1: signal 3 (SIGQUIT) received, shutting down
2022/12/31 05:54:37 [notice] 30#30: gracefully shutting down
2022/12/31 05:54:37 [notice] 30#30: exiting
2022/12/31 05:54:37 [notice] 30#30: exit
2022/12/31 05:54:37 [notice] 29#29: gracefully shutting down
2022/12/31 05:54:37 [notice] 29#29: exiting
2022/12/31 05:54:37 [notice] 29#29: exit
2022/12/31 05:54:37 [notice] 1#1: signal 17 (SIGCHLD) received from 30
2022/12/31 05:54:37 [notice] 1#1: worker process 29 exited with code 0
2022/12/31 05:54:37 [notice] 1#1: worker process 30 exited with code 0
2022/12/31 05:54:37 [notice] 1#1: exit
2022/12/31 05:54:45 [notice] 1#1: using the "epoll" event method
2022/12/31 05:54:45 [notice] 1#1: nginx/1.20.2
2022/12/31 05:54:45 [notice] 1#1: built by gcc 10.2.1 20210110 (Debian 10.2.1-6) 
2022/12/31 05:54:45 [notice] 1#1: OS: Linux 5.15.0-56-generic
2022/12/31 05:54:45 [notice] 1#1: getrlimit(RLIMIT_NOFILE): 1048576:1048576
2022/12/31 05:54:45 [notice] 1#1: start worker processes
2022/12/31 05:54:45 [notice] 1#1: start worker process 30
2022/12/31 05:54:45 [notice] 1#1: start worker process 31
2022/12/31 06:02:04 [notice] 1#1: signal 3 (SIGQUIT) received, shutting down
2022/12/31 06:02:04 [notice] 31#31: gracefully shutting down
2022/12/31 06:02:04 [notice] 30#30: gracefully shutting down
2022/12/31 06:02:04 [notice] 31#31: exiting
2022/12/31 06:02:04 [notice] 31#31: exit
2022/12/31 06:02:04 [notice] 30#30: exiting
2022/12/31 06:02:04 [notice] 30#30: exit
2022/12/31 06:02:04 [notice] 1#1: signal 17 (SIGCHLD) received from 30
2022/12/31 06:02:04 [notice] 1#1: worker process 30 exited with code 0
2022/12/31 06:02:04 [notice] 1#1: signal 29 (SIGIO) received
2022/12/31 06:02:04 [notice] 1#1: signal 17 (SIGCHLD) received from 31
2022/12/31 06:02:04 [notice] 1#1: worker process 31 exited with code 0
2022/12/31 06:02:04 [notice] 1#1: exit
2022/12/31 06:02:13 [notice] 1#1: using the "epoll" event method
2022/12/31 06:02:13 [notice] 1#1: nginx/1.20.2
2022/12/31 06:02:13 [notice] 1#1: built by gcc 10.2.1 20210110 (Debian 10.2.1-6) 
2022/12/31 06:02:13 [notice] 1#1: OS: Linux 5.15.0-56-generic
2022/12/31 06:02:13 [notice] 1#1: getrlimit(RLIMIT_NOFILE): 1048576:1048576
2022/12/31 06:02:13 [notice] 1#1: start worker processes
2022/12/31 06:02:13 [notice] 1#1: start worker process 30
2022/12/31 06:02:13 [notice] 1#1: start worker process 31
2022/12/31 07:07:14 [notice] 1#1: signal 3 (SIGQUIT) received, shutting down
2022/12/31 07:07:14 [notice] 30#30: gracefully shutting down
2022/12/31 07:07:14 [notice] 31#31: gracefully shutting down
2022/12/31 07:07:14 [notice] 30#30: exiting
2022/12/31 07:07:14 [notice] 31#31: exiting
2022/12/31 07:07:14 [notice] 30#30: exit
2022/12/31 07:07:14 [notice] 31#31: exit
2022/12/31 07:07:14 [notice] 1#1: signal 17 (SIGCHLD) received from 30
2022/12/31 07:07:14 [notice] 1#1: worker process 30 exited with code 0
2022/12/31 07:07:14 [notice] 1#1: worker process 31 exited with code 0
2022/12/31 07:07:14 [notice] 1#1: exit
2022/12/31 07:07:28 [notice] 1#1: using the "epoll" event method
2022/12/31 07:07:28 [notice] 1#1: nginx/1.20.2
2022/12/31 07:07:28 [notice] 1#1: built by gcc 10.2.1 20210110 (Debian 10.2.1-6) 
2022/12/31 07:07:28 [notice] 1#1: OS: Linux 5.15.0-56-generic
2022/12/31 07:07:28 [notice] 1#1: getrlimit(RLIMIT_NOFILE): 1048576:1048576
2022/12/31 07:07:28 [notice] 1#1: start worker processes
2022/12/31 07:07:28 [notice] 1#1: start worker process 30
2022/12/31 07:07:28 [notice] 1#1: start worker process 31
2023/01/01 08:09:57 [notice] 1#1: using the "epoll" event method
2023/01/01 08:09:57 [notice] 1#1: nginx/1.20.2
2023/01/01 08:09:57 [notice] 1#1: built by gcc 10.2.1 20210110 (Debian 10.2.1-6) 
2023/01/01 08:09:57 [notice] 1#1: OS: Linux 5.15.0-56-generic
2023/01/01 08:09:57 [notice] 1#1: getrlimit(RLIMIT_NOFILE): 1048576:1048576
2023/01/01 08:09:57 [notice] 1#1: start worker processes
2023/01/01 08:09:57 [notice] 1#1: start worker process 29
2023/01/01 08:09:57 [notice] 1#1: start worker process 30
2023/01/01 17:18:18 [notice] 1#1: signal 3 (SIGQUIT) received, shutting down
2023/01/01 17:18:18 [notice] 29#29: gracefully shutting down
2023/01/01 17:18:18 [notice] 30#30: gracefully shutting down
2023/01/01 17:18:18 [notice] 29#29: exiting
2023/01/01 17:18:18 [notice] 30#30: exiting
2023/01/01 17:18:18 [notice] 29#29: exit
2023/01/01 17:18:18 [notice] 30#30: exit
2023/01/01 17:18:18 [notice] 1#1: signal 17 (SIGCHLD) received from 29
2023/01/01 17:18:18 [notice] 1#1: worker process 29 exited with code 0
2023/01/01 17:18:18 [notice] 1#1: signal 29 (SIGIO) received
2023/01/01 17:18:18 [notice] 1#1: signal 17 (SIGCHLD) received from 30
2023/01/01 17:18:18 [notice] 1#1: worker process 30 exited with code 0
2023/01/01 17:18:18 [notice] 1#1: exit
2023/01/01 17:42:05 [notice] 1#1: using the "epoll" event method
2023/01/01 17:42:05 [notice] 1#1: nginx/1.20.2
2023/01/01 17:42:05 [notice] 1#1: built by gcc 10.2.1 20210110 (Debian 10.2.1-6) 
2023/01/01 17:42:05 [notice] 1#1: OS: Linux 5.15.0-56-generic
2023/01/01 17:42:05 [notice] 1#1: getrlimit(RLIMIT_NOFILE): 1048576:1048576
2023/01/01 17:42:05 [notice] 1#1: start worker processes
2023/01/01 17:42:05 [notice] 1#1: start worker process 29
2023/01/01 17:42:05 [notice] 1#1: start worker process 30
2023/01/02 05:56:00 [notice] 1#1: signal 3 (SIGQUIT) received, shutting down
2023/01/02 05:56:01 [notice] 30#30: gracefully shutting down
2023/01/02 05:56:01 [notice] 30#30: exiting
2023/01/02 05:56:01 [notice] 29#29: gracefully shutting down
2023/01/02 05:56:01 [notice] 29#29: exiting
2023/01/02 05:56:01 [notice] 29#29: exit
2023/01/02 05:56:01 [notice] 30#30: exit
2023/01/02 05:56:01 [notice] 1#1: signal 17 (SIGCHLD) received from 29
2023/01/02 05:56:01 [notice] 1#1: worker process 29 exited with code 0
2023/01/02 05:56:01 [notice] 1#1: worker process 30 exited with code 0
2023/01/02 05:56:01 [notice] 1#1: exit
2023/01/02 05:56:28 [notice] 1#1: using the "epoll" event method
2023/01/02 05:56:28 [notice] 1#1: nginx/1.20.2
2023/01/02 05:56:28 [notice] 1#1: built by gcc 10.2.1 20210110 (Debian 10.2.1-6) 
2023/01/02 05:56:28 [notice] 1#1: OS: Linux 5.15.0-56-generic
2023/01/02 05:56:28 [notice] 1#1: getrlimit(RLIMIT_NOFILE): 1048576:1048576
2023/01/02 05:56:28 [notice] 1#1: start worker processes
2023/01/02 05:56:28 [notice] 1#1: start worker process 30
2023/01/02 05:56:28 [notice] 1#1: start worker process 31
2023/01/02 06:35:14 [notice] 1#1: signal 3 (SIGQUIT) received, shutting down
2023/01/02 06:35:14 [notice] 30#30: gracefully shutting down
2023/01/02 06:35:14 [notice] 30#30: exiting
2023/01/02 06:35:14 [notice] 31#31: gracefully shutting down
2023/01/02 06:35:14 [notice] 30#30: exit
2023/01/02 06:35:14 [notice] 31#31: exiting
2023/01/02 06:35:14 [notice] 31#31: exit
2023/01/02 06:35:14 [notice] 1#1: signal 17 (SIGCHLD) received from 30
2023/01/02 06:35:14 [notice] 1#1: worker process 30 exited with code 0
2023/01/02 06:35:14 [notice] 1#1: worker process 31 exited with code 0
2023/01/02 06:35:14 [notice] 1#1: exit
2023/01/02 06:35:29 [notice] 1#1: using the "epoll" event method
2023/01/02 06:35:29 [notice] 1#1: nginx/1.20.2
2023/01/02 06:35:29 [notice] 1#1: built by gcc 10.2.1 20210110 (Debian 10.2.1-6) 
2023/01/02 06:35:29 [notice] 1#1: OS: Linux 5.15.0-56-generic
2023/01/02 06:35:29 [notice] 1#1: getrlimit(RLIMIT_NOFILE): 1048576:1048576
2023/01/02 06:35:29 [notice] 1#1: start worker processes
2023/01/02 06:35:29 [notice] 1#1: start worker process 31
2023/01/02 06:35:29 [notice] 1#1: start worker process 32
2023/01/02 08:51:27 [notice] 1#1: signal 3 (SIGQUIT) received, shutting down
2023/01/02 08:51:27 [notice] 32#32: gracefully shutting down
2023/01/02 08:51:27 [notice] 32#32: exiting
2023/01/02 08:51:27 [notice] 32#32: exit
2023/01/02 08:51:27 [notice] 31#31: gracefully shutting down
2023/01/02 08:51:27 [notice] 31#31: exiting
2023/01/02 08:51:27 [notice] 31#31: exit
2023/01/02 08:51:27 [notice] 1#1: signal 17 (SIGCHLD) received from 32
2023/01/02 08:51:27 [notice] 1#1: worker process 32 exited with code 0
2023/01/02 08:51:27 [notice] 1#1: signal 29 (SIGIO) received
2023/01/02 08:51:27 [notice] 1#1: signal 17 (SIGCHLD) received from 31
2023/01/02 08:51:27 [notice] 1#1: worker process 31 exited with code 0
2023/01/02 08:51:27 [notice] 1#1: exit
2023/01/02 08:51:46 [notice] 1#1: using the "epoll" event method
2023/01/02 08:51:46 [notice] 1#1: nginx/1.20.2
2023/01/02 08:51:46 [notice] 1#1: built by gcc 10.2.1 20210110 (Debian 10.2.1-6) 
2023/01/02 08:51:46 [notice] 1#1: OS: Linux 5.15.0-56-generic
2023/01/02 08:51:46 [notice] 1#1: getrlimit(RLIMIT_NOFILE): 1048576:1048576
2023/01/02 08:51:46 [notice] 1#1: start worker processes
2023/01/02 08:51:46 [notice] 1#1: start worker process 30
2023/01/02 08:51:46 [notice] 1#1: start worker process 31
2023/01/02 11:06:27 [notice] 1#1: signal 3 (SIGQUIT) received, shutting down
2023/01/02 11:06:27 [notice] 31#31: gracefully shutting down
2023/01/02 11:06:27 [notice] 31#31: exiting
2023/01/02 11:06:27 [notice] 30#30: gracefully shutting down
2023/01/02 11:06:27 [notice] 30#30: exiting
2023/01/02 11:06:27 [notice] 31#31: exit
2023/01/02 11:06:27 [notice] 30#30: exit
2023/01/02 11:06:27 [notice] 1#1: signal 17 (SIGCHLD) received from 31
2023/01/02 11:06:27 [notice] 1#1: worker process 31 exited with code 0
2023/01/02 11:06:27 [notice] 1#1: signal 29 (SIGIO) received
2023/01/02 11:06:27 [notice] 1#1: signal 17 (SIGCHLD) received from 30
2023/01/02 11:06:27 [notice] 1#1: worker process 30 exited with code 0
2023/01/02 11:06:27 [notice] 1#1: exit
2023/01/02 11:19:39 [notice] 1#1: using the "epoll" event method
2023/01/02 11:19:39 [notice] 1#1: nginx/1.20.2
2023/01/02 11:19:39 [notice] 1#1: built by gcc 10.2.1 20210110 (Debian 10.2.1-6) 
2023/01/02 11:19:39 [notice] 1#1: OS: Linux 5.15.0-56-generic
2023/01/02 11:19:39 [notice] 1#1: getrlimit(RLIMIT_NOFILE): 1048576:1048576
2023/01/02 11:19:39 [notice] 1#1: start worker processes
2023/01/02 11:19:39 [notice] 1#1: start worker process 30
2023/01/02 11:19:39 [notice] 1#1: start worker process 31
2023/01/02 11:23:09 [notice] 1#1: signal 3 (SIGQUIT) received, shutting down
2023/01/02 11:23:09 [notice] 31#31: gracefully shutting down
2023/01/02 11:23:09 [notice] 31#31: exiting
2023/01/02 11:23:09 [notice] 31#31: exit
2023/01/02 11:23:09 [notice] 30#30: gracefully shutting down
2023/01/02 11:23:09 [notice] 30#30: exiting
2023/01/02 11:23:09 [notice] 30#30: exit
2023/01/02 11:23:09 [notice] 1#1: signal 17 (SIGCHLD) received from 31
2023/01/02 11:23:09 [notice] 1#1: worker process 31 exited with code 0
2023/01/02 11:23:09 [notice] 1#1: signal 29 (SIGIO) received
2023/01/02 11:23:09 [notice] 1#1: signal 17 (SIGCHLD) received from 30
2023/01/02 11:23:09 [notice] 1#1: worker process 30 exited with code 0
2023/01/02 11:23:09 [notice] 1#1: exit
2023/01/02 11:23:20 [notice] 1#1: using the "epoll" event method
2023/01/02 11:23:20 [notice] 1#1: nginx/1.20.2
2023/01/02 11:23:20 [notice] 1#1: built by gcc 10.2.1 20210110 (Debian 10.2.1-6) 
2023/01/02 11:23:20 [notice] 1#1: OS: Linux 5.15.0-56-generic
2023/01/02 11:23:20 [notice] 1#1: getrlimit(RLIMIT_NOFILE): 1048576:1048576
2023/01/02 11:23:20 [notice] 1#1: start worker processes
2023/01/02 11:23:20 [notice] 1#1: start worker process 29
2023/01/02 11:23:20 [notice] 1#1: start worker process 30
2023/01/02 11:23:39 [notice] 1#1: signal 3 (SIGQUIT) received, shutting down
2023/01/02 11:23:39 [notice] 30#30: gracefully shutting down
2023/01/02 11:23:39 [notice] 30#30: exiting
2023/01/02 11:23:39 [notice] 30#30: exit
2023/01/02 11:23:39 [notice] 29#29: gracefully shutting down
2023/01/02 11:23:39 [notice] 29#29: exiting
2023/01/02 11:23:39 [notice] 29#29: exit
2023/01/02 11:23:39 [notice] 1#1: signal 17 (SIGCHLD) received from 29
2023/01/02 11:23:39 [notice] 1#1: worker process 29 exited with code 0
2023/01/02 11:23:39 [notice] 1#1: signal 29 (SIGIO) received
2023/01/02 11:23:39 [notice] 1#1: signal 17 (SIGCHLD) received from 30
2023/01/02 11:23:39 [notice] 1#1: worker process 30 exited with code 0
2023/01/02 11:23:39 [notice] 1#1: exit
2023/01/02 11:26:10 [notice] 1#1: using the "epoll" event method
2023/01/02 11:26:10 [notice] 1#1: nginx/1.20.2
2023/01/02 11:26:10 [notice] 1#1: built by gcc 10.2.1 20210110 (Debian 10.2.1-6) 
2023/01/02 11:26:10 [notice] 1#1: OS: Linux 5.15.0-56-generic
2023/01/02 11:26:10 [notice] 1#1: getrlimit(RLIMIT_NOFILE): 1048576:1048576
2023/01/02 11:26:10 [notice] 1#1: start worker processes
2023/01/02 11:26:10 [notice] 1#1: start worker process 30
2023/01/02 11:26:10 [notice] 1#1: start worker process 31
2023/01/02 11:28:26 [notice] 1#1: signal 3 (SIGQUIT) received, shutting down
2023/01/02 11:28:27 [notice] 30#30: gracefully shutting down
2023/01/02 11:28:27 [notice] 30#30: exiting
2023/01/02 11:28:27 [notice] 30#30: exit
2023/01/02 11:28:27 [notice] 31#31: gracefully shutting down
2023/01/02 11:28:27 [notice] 31#31: exiting
2023/01/02 11:28:27 [notice] 31#31: exit
2023/01/02 11:28:27 [notice] 1#1: signal 17 (SIGCHLD) received from 31
2023/01/02 11:28:27 [notice] 1#1: worker process 31 exited with code 0
2023/01/02 11:28:27 [notice] 1#1: signal 29 (SIGIO) received
2023/01/02 11:28:27 [notice] 1#1: signal 17 (SIGCHLD) received from 30
2023/01/02 11:28:27 [notice] 1#1: worker process 30 exited with code 0
2023/01/02 11:28:27 [notice] 1#1: exit
2023/01/02 11:28:40 [notice] 1#1: using the "epoll" event method
2023/01/02 11:28:40 [notice] 1#1: nginx/1.20.2
2023/01/02 11:28:40 [notice] 1#1: built by gcc 10.2.1 20210110 (Debian 10.2.1-6) 
2023/01/02 11:28:40 [notice] 1#1: OS: Linux 5.15.0-56-generic
2023/01/02 11:28:40 [notice] 1#1: getrlimit(RLIMIT_NOFILE): 1048576:1048576
2023/01/02 11:28:40 [notice] 1#1: start worker processes
2023/01/02 11:28:40 [notice] 1#1: start worker process 30
2023/01/02 11:28:40 [notice] 1#1: start worker process 31
2023/01/02 11:30:45 [notice] 1#1: signal 3 (SIGQUIT) received, shutting down
2023/01/02 11:30:45 [notice] 31#31: gracefully shutting down
2023/01/02 11:30:45 [notice] 31#31: exiting
2023/01/02 11:30:45 [notice] 31#31: exit
2023/01/02 11:30:45 [notice] 30#30: gracefully shutting down
2023/01/02 11:30:45 [notice] 30#30: exiting
2023/01/02 11:30:45 [notice] 30#30: exit
2023/01/02 11:30:45 [notice] 1#1: signal 17 (SIGCHLD) received from 31
2023/01/02 11:30:45 [notice] 1#1: worker process 31 exited with code 0
2023/01/02 11:30:45 [notice] 1#1: signal 29 (SIGIO) received
2023/01/02 11:30:45 [notice] 1#1: signal 17 (SIGCHLD) received from 30
2023/01/02 11:30:45 [notice] 1#1: worker process 30 exited with code 0
2023/01/02 11:30:45 [notice] 1#1: exit
2023/01/02 11:30:57 [notice] 1#1: using the "epoll" event method
2023/01/02 11:30:57 [notice] 1#1: nginx/1.20.2
2023/01/02 11:30:57 [notice] 1#1: built by gcc 10.2.1 20210110 (Debian 10.2.1-6) 
2023/01/02 11:30:57 [notice] 1#1: OS: Linux 5.15.0-56-generic
2023/01/02 11:30:57 [notice] 1#1: getrlimit(RLIMIT_NOFILE): 1048576:1048576
2023/01/02 11:30:57 [notice] 1#1: start worker processes
2023/01/02 11:30:57 [notice] 1#1: start worker process 30
2023/01/02 11:30:57 [notice] 1#1: start worker process 31
2023/01/02 11:33:51 [notice] 1#1: signal 3 (SIGQUIT) received, shutting down
2023/01/02 11:33:51 [notice] 31#31: gracefully shutting down
2023/01/02 11:33:51 [notice] 31#31: exiting
2023/01/02 11:33:51 [notice] 31#31: exit
2023/01/02 11:33:51 [notice] 30#30: gracefully shutting down
2023/01/02 11:33:51 [notice] 30#30: exiting
2023/01/02 11:33:51 [notice] 30#30: exit
2023/01/02 11:33:51 [notice] 1#1: signal 17 (SIGCHLD) received from 31
2023/01/02 11:33:51 [notice] 1#1: worker process 31 exited with code 0
2023/01/02 11:33:51 [notice] 1#1: signal 29 (SIGIO) received
2023/01/02 11:33:51 [notice] 1#1: signal 17 (SIGCHLD) received from 30
2023/01/02 11:33:51 [notice] 1#1: worker process 30 exited with code 0
2023/01/02 11:33:51 [notice] 1#1: exit
2023/01/02 12:09:46 [notice] 1#1: using the "epoll" event method
2023/01/02 12:09:46 [notice] 1#1: nginx/1.20.2
2023/01/02 12:09:46 [notice] 1#1: built by gcc 10.2.1 20210110 (Debian 10.2.1-6) 
2023/01/02 12:09:46 [notice] 1#1: OS: Linux 5.15.0-56-generic
2023/01/02 12:09:46 [notice] 1#1: getrlimit(RLIMIT_NOFILE): 1048576:1048576
2023/01/02 12:09:46 [notice] 1#1: start worker processes
2023/01/02 12:09:46 [notice] 1#1: start worker process 30
2023/01/02 12:09:46 [notice] 1#1: start worker process 31
2023/01/02 12:14:28 [notice] 1#1: signal 3 (SIGQUIT) received, shutting down
2023/01/02 12:14:28 [notice] 30#30: gracefully shutting down
2023/01/02 12:14:28 [notice] 30#30: exiting
2023/01/02 12:14:28 [notice] 30#30: exit
2023/01/02 12:14:28 [notice] 31#31: gracefully shutting down
2023/01/02 12:14:28 [notice] 31#31: exiting
2023/01/02 12:14:28 [notice] 31#31: exit
2023/01/02 12:14:28 [notice] 1#1: signal 17 (SIGCHLD) received from 31
2023/01/02 12:14:28 [notice] 1#1: worker process 31 exited with code 0
2023/01/02 12:14:28 [notice] 1#1: signal 29 (SIGIO) received
2023/01/02 12:14:28 [notice] 1#1: signal 17 (SIGCHLD) received from 30
2023/01/02 12:14:28 [notice] 1#1: worker process 30 exited with code 0
2023/01/02 12:14:28 [notice] 1#1: exit
2023/02/15 14:36:54 [notice] 1#1: using the "epoll" event method
2023/02/15 14:36:54 [notice] 1#1: nginx/1.20.2
2023/02/15 14:36:54 [notice] 1#1: built by gcc 10.2.1 20210110 (Debian 10.2.1-6) 
2023/02/15 14:36:54 [notice] 1#1: OS: Linux 5.15.0-58-generic
2023/02/15 14:36:54 [notice] 1#1: getrlimit(RLIMIT_NOFILE): 1048576:1048576
2023/02/15 14:36:54 [notice] 1#1: start worker processes
2023/02/15 14:36:54 [notice] 1#1: start worker process 30
2023/02/15 14:36:54 [notice] 1#1: start worker process 31
2023/02/15 14:39:28 [notice] 1#1: signal 3 (SIGQUIT) received, shutting down
2023/02/15 14:39:28 [notice] 31#31: gracefully shutting down
2023/02/15 14:39:28 [notice] 31#31: exiting
2023/02/15 14:39:28 [notice] 31#31: exit
2023/02/15 14:39:28 [notice] 30#30: gracefully shutting down
2023/02/15 14:39:28 [notice] 30#30: exiting
2023/02/15 14:39:28 [notice] 30#30: exit
2023/02/15 14:39:28 [notice] 1#1: signal 17 (SIGCHLD) received from 31
2023/02/15 14:39:28 [notice] 1#1: worker process 31 exited with code 0
2023/02/15 14:39:28 [notice] 1#1: worker process 30 exited with code 0
2023/02/15 14:39:28 [notice] 1#1: exit
2023/02/15 14:41:45 [notice] 1#1: using the "epoll" event method
2023/02/15 14:41:45 [notice] 1#1: nginx/1.20.2
2023/02/15 14:41:45 [notice] 1#1: built by gcc 10.2.1 20210110 (Debian 10.2.1-6) 
2023/02/15 14:41:45 [notice] 1#1: OS: Linux 5.15.0-58-generic
2023/02/15 14:41:45 [notice] 1#1: getrlimit(RLIMIT_NOFILE): 1048576:1048576
2023/02/15 14:41:45 [notice] 1#1: start worker processes
2023/02/15 14:41:45 [notice] 1#1: start worker process 30
2023/02/15 14:41:45 [notice] 1#1: start worker process 31
2023/02/16 07:13:29 [notice] 1#1: signal 3 (SIGQUIT) received, shutting down
2023/02/16 07:13:29 [notice] 31#31: gracefully shutting down
2023/02/16 07:13:29 [notice] 31#31: exiting
2023/02/16 07:13:29 [notice] 30#30: gracefully shutting down
2023/02/16 07:13:29 [notice] 30#30: exiting
2023/02/16 07:13:29 [notice] 31#31: exit
2023/02/16 07:13:29 [notice] 30#30: exit
2023/02/16 07:13:29 [notice] 1#1: signal 17 (SIGCHLD) received from 31
2023/02/16 07:13:29 [notice] 1#1: worker process 30 exited with code 0
2023/02/16 07:13:29 [notice] 1#1: worker process 31 exited with code 0
2023/02/16 07:13:29 [notice] 1#1: exit
2023/02/16 07:19:52 [notice] 1#1: using the "epoll" event method
2023/02/16 07:19:52 [notice] 1#1: nginx/1.20.2
2023/02/16 07:19:52 [notice] 1#1: built by gcc 10.2.1 20210110 (Debian 10.2.1-6) 
2023/02/16 07:19:52 [notice] 1#1: OS: Linux 5.15.0-58-generic
2023/02/16 07:19:52 [notice] 1#1: getrlimit(RLIMIT_NOFILE): 1048576:1048576
2023/02/16 07:19:52 [notice] 1#1: start worker processes
2023/02/16 07:19:52 [notice] 1#1: start worker process 30
2023/02/16 07:19:52 [notice] 1#1: start worker process 31
2023/02/16 07:22:44 [notice] 1#1: signal 3 (SIGQUIT) received, shutting down
2023/02/16 07:22:44 [notice] 30#30: gracefully shutting down
2023/02/16 07:22:44 [notice] 30#30: exiting
2023/02/16 07:22:44 [notice] 30#30: exit
2023/02/16 07:22:44 [notice] 31#31: gracefully shutting down
2023/02/16 07:22:44 [notice] 31#31: exiting
2023/02/16 07:22:44 [notice] 31#31: exit
2023/02/16 07:22:44 [notice] 1#1: signal 17 (SIGCHLD) received from 31
2023/02/16 07:22:44 [notice] 1#1: worker process 31 exited with code 0
2023/02/16 07:22:44 [notice] 1#1: signal 29 (SIGIO) received
2023/02/16 07:22:44 [notice] 1#1: signal 17 (SIGCHLD) received from 30
2023/02/16 07:22:44 [notice] 1#1: worker process 30 exited with code 0
2023/02/16 07:22:44 [notice] 1#1: exit
2023/02/16 07:23:41 [notice] 1#1: using the "epoll" event method
2023/02/16 07:23:41 [notice] 1#1: nginx/1.20.2
2023/02/16 07:23:41 [notice] 1#1: built by gcc 10.2.1 20210110 (Debian 10.2.1-6) 
2023/02/16 07:23:41 [notice] 1#1: OS: Linux 5.15.0-58-generic
2023/02/16 07:23:41 [notice] 1#1: getrlimit(RLIMIT_NOFILE): 1048576:1048576
2023/02/16 07:23:41 [notice] 1#1: start worker processes
2023/02/16 07:23:41 [notice] 1#1: start worker process 29
2023/02/16 07:23:41 [notice] 1#1: start worker process 30
2023/02/16 07:24:49 [notice] 1#1: signal 3 (SIGQUIT) received, shutting down
2023/02/16 07:24:49 [notice] 29#29: gracefully shutting down
2023/02/16 07:24:49 [notice] 29#29: exiting
2023/02/16 07:24:49 [notice] 29#29: exit
2023/02/16 07:24:49 [notice] 30#30: gracefully shutting down
2023/02/16 07:24:49 [notice] 30#30: exiting
2023/02/16 07:24:49 [notice] 30#30: exit
2023/02/16 07:24:49 [notice] 1#1: signal 17 (SIGCHLD) received from 29
2023/02/16 07:24:49 [notice] 1#1: worker process 29 exited with code 0
2023/02/16 07:24:49 [notice] 1#1: signal 29 (SIGIO) received
2023/02/16 07:24:49 [notice] 1#1: signal 17 (SIGCHLD) received from 30
2023/02/16 07:24:49 [notice] 1#1: worker process 30 exited with code 0
2023/02/16 07:24:49 [notice] 1#1: exit
2023/02/16 07:25:20 [notice] 1#1: using the "epoll" event method
2023/02/16 07:25:20 [notice] 1#1: nginx/1.20.2
2023/02/16 07:25:20 [notice] 1#1: built by gcc 10.2.1 20210110 (Debian 10.2.1-6) 
2023/02/16 07:25:20 [notice] 1#1: OS: Linux 5.15.0-58-generic
2023/02/16 07:25:20 [notice] 1#1: getrlimit(RLIMIT_NOFILE): 1048576:1048576
2023/02/16 07:25:20 [notice] 1#1: start worker processes
2023/02/16 07:25:20 [notice] 1#1: start worker process 30
2023/02/16 07:25:20 [notice] 1#1: start worker process 31
2023/02/16 08:33:20 [notice] 1#1: signal 3 (SIGQUIT) received, shutting down
2023/02/16 08:33:20 [notice] 30#30: gracefully shutting down
2023/02/16 08:33:20 [notice] 31#31: gracefully shutting down
2023/02/16 08:33:20 [notice] 30#30: exiting
2023/02/16 08:33:20 [notice] 31#31: exiting
2023/02/16 08:33:20 [notice] 30#30: exit
2023/02/16 08:33:20 [notice] 31#31: exit
2023/02/16 08:33:20 [notice] 1#1: signal 17 (SIGCHLD) received from 30
2023/02/16 08:33:20 [notice] 1#1: worker process 30 exited with code 0
2023/02/16 08:33:20 [notice] 1#1: worker process 31 exited with code 0
2023/02/16 08:33:20 [notice] 1#1: exit
2023/02/16 12:09:25 [emerg] 1#1: host not found in upstream "php" in /etc/nginx/conf.d/default.conf:17
2023/02/16 12:09:36 [notice] 1#1: using the "epoll" event method
2023/02/16 12:09:36 [notice] 1#1: nginx/1.20.2
2023/02/16 12:09:36 [notice] 1#1: built by gcc 10.2.1 20210110 (Debian 10.2.1-6) 
2023/02/16 12:09:36 [notice] 1#1: OS: Linux 5.15.0-58-generic
2023/02/16 12:09:36 [notice] 1#1: getrlimit(RLIMIT_NOFILE): 1048576:1048576
2023/02/16 12:09:36 [notice] 1#1: start worker processes
2023/02/16 12:09:36 [notice] 1#1: start worker process 30
2023/02/16 12:09:36 [notice] 1#1: start worker process 31
2023/02/20 05:46:48 [notice] 1#1: signal 3 (SIGQUIT) received, shutting down
2023/02/20 05:46:48 [notice] 30#30: gracefully shutting down
2023/02/20 05:46:48 [notice] 30#30: exiting
2023/02/20 05:46:48 [notice] 31#31: gracefully shutting down
2023/02/20 05:46:48 [notice] 31#31: exiting
2023/02/20 05:46:48 [notice] 30#30: exit
2023/02/20 05:46:48 [notice] 31#31: exit
2023/02/20 05:46:48 [notice] 1#1: signal 17 (SIGCHLD) received from 30
2023/02/20 05:46:48 [notice] 1#1: worker process 30 exited with code 0
2023/02/20 05:46:48 [notice] 1#1: signal 29 (SIGIO) received
2023/02/20 05:46:48 [notice] 1#1: signal 17 (SIGCHLD) received from 31
2023/02/20 05:46:48 [notice] 1#1: worker process 31 exited with code 0
2023/02/20 05:46:48 [notice] 1#1: exit
2023/02/20 05:46:52 [notice] 1#1: using the "epoll" event method
2023/02/20 05:46:52 [notice] 1#1: nginx/1.20.2
2023/02/20 05:46:52 [notice] 1#1: built by gcc 10.2.1 20210110 (Debian 10.2.1-6) 
2023/02/20 05:46:52 [notice] 1#1: OS: Linux 5.15.0-58-generic
2023/02/20 05:46:52 [notice] 1#1: getrlimit(RLIMIT_NOFILE): 1048576:1048576
2023/02/20 05:46:52 [notice] 1#1: start worker processes
2023/02/20 05:46:52 [notice] 1#1: start worker process 29
2023/02/20 05:46:52 [notice] 1#1: start worker process 30
2023/02/20 05:46:56 [notice] 1#1: signal 3 (SIGQUIT) received, shutting down
2023/02/20 05:46:56 [notice] 30#30: gracefully shutting down
2023/02/20 05:46:56 [notice] 30#30: exiting
2023/02/20 05:46:56 [notice] 30#30: exit
2023/02/20 05:46:56 [notice] 29#29: gracefully shutting down
2023/02/20 05:46:56 [notice] 29#29: exiting
2023/02/20 05:46:56 [notice] 29#29: exit
2023/02/20 05:46:56 [notice] 1#1: signal 17 (SIGCHLD) received from 30
2023/02/20 05:46:56 [notice] 1#1: worker process 30 exited with code 0
2023/02/20 05:46:56 [notice] 1#1: signal 29 (SIGIO) received
2023/02/20 05:46:56 [notice] 1#1: signal 17 (SIGCHLD) received from 29
2023/02/20 05:46:56 [notice] 1#1: worker process 29 exited with code 0
2023/02/20 05:46:56 [notice] 1#1: exit
2023/02/20 05:47:14 [notice] 1#1: using the "epoll" event method
2023/02/20 05:47:14 [notice] 1#1: nginx/1.20.2
2023/02/20 05:47:14 [notice] 1#1: built by gcc 10.2.1 20210110 (Debian 10.2.1-6) 
2023/02/20 05:47:14 [notice] 1#1: OS: Linux 5.15.0-58-generic
2023/02/20 05:47:14 [notice] 1#1: getrlimit(RLIMIT_NOFILE): 1048576:1048576
2023/02/20 05:47:14 [notice] 1#1: start worker processes
2023/02/20 05:47:14 [notice] 1#1: start worker process 30
2023/02/20 05:47:14 [notice] 1#1: start worker process 31
2023/02/20 05:48:47 [notice] 1#1: signal 3 (SIGQUIT) received, shutting down
2023/02/20 05:48:47 [notice] 30#30: gracefully shutting down
2023/02/20 05:48:47 [notice] 31#31: gracefully shutting down
2023/02/20 05:48:47 [notice] 30#30: exiting
2023/02/20 05:48:47 [notice] 31#31: exiting
2023/02/20 05:48:47 [notice] 30#30: exit
2023/02/20 05:48:47 [notice] 31#31: exit
2023/02/20 05:48:47 [notice] 1#1: signal 17 (SIGCHLD) received from 31
2023/02/20 05:48:47 [notice] 1#1: worker process 31 exited with code 0
2023/02/20 05:48:47 [notice] 1#1: signal 29 (SIGIO) received
2023/02/20 05:48:47 [notice] 1#1: signal 17 (SIGCHLD) received from 30
2023/02/20 05:48:47 [notice] 1#1: worker process 30 exited with code 0
2023/02/20 05:48:47 [notice] 1#1: exit
2023/02/20 05:48:50 [notice] 1#1: using the "epoll" event method
2023/02/20 05:48:50 [notice] 1#1: nginx/1.20.2
2023/02/20 05:48:50 [notice] 1#1: built by gcc 10.2.1 20210110 (Debian 10.2.1-6) 
2023/02/20 05:48:50 [notice] 1#1: OS: Linux 5.15.0-58-generic
2023/02/20 05:48:50 [notice] 1#1: getrlimit(RLIMIT_NOFILE): 1048576:1048576
2023/02/20 05:48:50 [notice] 1#1: start worker processes
2023/02/20 05:48:50 [notice] 1#1: start worker process 30
2023/02/20 05:48:50 [notice] 1#1: start worker process 31
2023/02/22 02:48:28 [notice] 1#1: signal 3 (SIGQUIT) received, shutting down
2023/02/22 02:48:28 [notice] 31#31: gracefully shutting down
2023/02/22 02:48:28 [notice] 31#31: exiting
2023/02/22 02:48:28 [notice] 30#30: gracefully shutting down
2023/02/22 02:48:28 [notice] 30#30: exiting
2023/02/22 02:48:28 [notice] 30#30: exit
2023/02/22 02:48:28 [notice] 31#31: exit
2023/02/22 02:48:28 [notice] 1#1: signal 17 (SIGCHLD) received from 30
2023/02/22 02:48:28 [notice] 1#1: worker process 30 exited with code 0
2023/02/22 02:48:28 [notice] 1#1: signal 29 (SIGIO) received
2023/02/22 02:48:28 [notice] 1#1: signal 17 (SIGCHLD) received from 31
2023/02/22 02:48:28 [notice] 1#1: worker process 31 exited with code 0
2023/02/22 02:48:28 [notice] 1#1: exit
